[0624/132723.575:ERROR:process_reader_win.cc(242)] ReadMemory at 0x7ff79dc90000 of 64 bytes failed: Only part of a ReadProcessMemory or WriteProcessMemory request was completed. (0x12B)
[0624/132724.388:WARNING:pe_image_reader.cc(302)] could not read dos header from C:\Program Files (x86)\Google\Chrome\Application\chrome.exe
[0624/132724.389:ERROR:process_reader_win.cc(242)] ReadMemory at 0x7ffecf290000 of 64 bytes failed: Only part of a ReadProcessMemory or WriteProcessMemory request was completed. (0x12B)
[0624/132724.390:WARNING:pe_image_reader.cc(302)] could not read dos header from C:\Windows\SYSTEM32\ntdll.dll
[0624/132724.390:ERROR:process_reader_win.cc(242)] ReadMemory at 0x7ffec8310000 of 64 bytes failed: Only part of a ReadProcessMemory or WriteProcessMemory request was completed. (0x12B)
[0624/132724.501:WARNING:pe_image_reader.cc(302)] could not read dos header from C:\Program Files\AVAST Software\Avast\snxhk64.dll
[0624/132724.501:ERROR:process_reader_win.cc(242)] ReadMemory at 0x7ffec8600000 of 64 bytes failed: Only part of a ReadProcessMemory or WriteProcessMemory request was completed. (0x12B)
[0624/132724.501:WARNING:pe_image_reader.cc(302)] could not read dos header from C:\Program Files\AVAST Software\Avast\x64\aswhooka.dll
[0624/132724.502:ERROR:process_reader_win.cc(242)] ReadMemory at 0x7ffece300000 of 64 bytes failed: Only part of a ReadProcessMemory or WriteProcessMemory request was completed. (0x12B)
[0624/132724.502:WARNING:pe_image_reader.cc(302)] could not read dos header from C:\Windows\system32\KERNEL32.dll
[0624/132724.502:ERROR:process_reader_win.cc(242)] ReadMemory at 0x7ffecc800000 of 64 bytes failed: Only part of a ReadProcessMemory or WriteProcessMemory request was completed. (0x12B)
[0624/132724.502:WARNING:pe_image_reader.cc(302)] could not read dos header from C:\Windows\system32\KERNELBASE.dll
[0624/132724.502:ERROR:process_reader_win.cc(242)] ReadMemory at 0x7ffec1c60000 of 64 bytes failed: Only part of a ReadProcessMemory or WriteProcessMemory request was completed. (0x12B)
[0624/132724.502:WARNING:pe_image_reader.cc(302)] could not read dos header from C:\Program Files (x86)\Google\Chrome\Application\67.0.3396.87\chrome_elf.dll
[0624/132724.503:ERROR:process_reader_win.cc(242)] ReadMemory at 0x7ffecf1e0000 of 64 bytes failed: Only part of a ReadProcessMemory or WriteProcessMemory request was completed. (0x12B)
[0624/132724.503:WARNING:pe_image_reader.cc(302)] could not read dos header from C:\Windows\system32\ADVAPI32.dll
[0624/132724.503:ERROR:process_reader_win.cc(242)] ReadMemory at 0x7ffece220000 of 64 bytes failed: Only part of a ReadProcessMemory or WriteProcessMemory request was completed. (0x12B)
[0624/132724.503:WARNING:pe_image_reader.cc(302)] could not read dos header from C:\Windows\system32\PSAPI.DLL
[0624/132724.504:ERROR:process_reader_win.cc(242)] ReadMemory at 0x7ffecc9f0000 of 64 bytes failed: Only part of a ReadProcessMemory or WriteProcessMemory request was completed. (0x12B)
[0624/132724.504:WARNING:pe_image_reader.cc(302)] could not read dos header from C:\Windows\system32\SHELL32.dll
[0624/132724.504:ERROR:process_reader_win.cc(242)] ReadMemory at 0x7ffecf180000 of 64 bytes failed: Only part of a ReadProcessMemory or WriteProcessMemory request was completed. (0x12B)
[0624/132724.505:WARNING:pe_image_reader.cc(302)] could not read dos header from C:\Windows\system32\SHLWAPI.dll
[0624/132724.505:ERROR:process_reader_win.cc(242)] ReadMemory at 0x24d4000000 of 64 bytes failed: Only part of a ReadProcessMemory or WriteProcessMemory request was completed. (0x12B)
[0624/132724.505:WARNING:pe_image_reader.cc(302)] could not read dos header from C:\Windows\system32\USER32.dll
[0624/132724.506:ERROR:process_reader_win.cc(242)] ReadMemory at 0x7ffec5dc0000 of 64 bytes failed: Only part of a ReadProcessMemory or WriteProcessMemory request was completed. (0x12B)
[0624/132724.506:WARNING:pe_image_reader.cc(302)] could not read dos header from C:\Windows\SYSTEM32\VERSION.dll
[0624/132724.506:ERROR:process_reader_win.cc(242)] ReadMemory at 0x7ffec5570000 of 64 bytes failed: Only part of a ReadProcessMemory or WriteProcessMemory request was completed. (0x12B)
[0624/132724.507:WARNING:pe_image_reader.cc(302)] could not read dos header from C:\Windows\SYSTEM32\WINMM.dll
[0624/132724.507:ERROR:process_reader_win.cc(242)] ReadMemory at 0x7ffecb980000 of 64 bytes failed: Only part of a ReadProcessMemory or WriteProcessMemory request was completed. (0x12B)
[0624/132724.508:WARNING:pe_image_reader.cc(302)] could not read dos header from C:\Windows\SYSTEM32\USERENV.dll
[0624/132724.508:ERROR:process_reader_win.cc(242)] ReadMemory at 0x7ffeb80c0000 of 64 bytes failed: Only part of a ReadProcessMemory or WriteProcessMemory request was completed. (0x12B)
[0624/132724.508:WARNING:pe_image_reader.cc(302)] could not read dos header from C:\Windows\SYSTEM32\WINHTTP.dll
[0624/132724.509:ERROR:process_reader_win.cc(242)] ReadMemory at 0x7ffecec70000 of 64 bytes failed: Only part of a ReadProcessMemory or WriteProcessMemory request was completed. (0x12B)
[0624/132724.509:WARNING:pe_image_reader.cc(302)] could not read dos header from C:\Windows\system32\msvcrt.dll
[0624/132724.510:ERROR:process_reader_win.cc(242)] ReadMemory at 0x7ffece020000 of 64 bytes failed: Only part of a ReadProcessMemory or WriteProcessMemory request was completed. (0x12B)
[0624/132724.510:WARNING:pe_image_reader.cc(302)] could not read dos header from C:\Windows\SYSTEM32\sechost.dll
[0624/132724.510:ERROR:process_reader_win.cc(242)] ReadMemory at 0x7ffece910000 of 64 bytes failed: Only part of a ReadProcessMemory or WriteProcessMemory request was completed. (0x12B)
[0624/132724.510:WARNING:pe_image_reader.cc(302)] could not read dos header from C:\Windows\system32\RPCRT4.dll
[0624/132724.510:ERROR:process_reader_win.cc(242)] ReadMemory at 0x7ffecee80000 of 64 bytes failed: Only part of a ReadProcessMemory or WriteProcessMemory request was completed. (0x12B)
[0624/132724.510:WARNING:pe_image_reader.cc(302)] could not read dos header from C:\Windows\SYSTEM32\combase.dll
[0624/132724.510:ERROR:process_reader_win.cc(242)] ReadMemory at 0x7ffeced30000 of 64 bytes failed: Only part of a ReadProcessMemory or WriteProcessMemory request was completed. (0x12B)
[0624/132724.511:WARNING:pe_image_reader.cc(302)] could not read dos header from C:\Windows\system32\GDI32.dll
[0624/132724.511:ERROR:process_reader_win.cc(242)] ReadMemory at 0x7ffec5540000 of 64 bytes failed: Only part of a ReadProcessMemory or WriteProcessMemory request was completed. (0x12B)
[0624/132724.511:WARNING:pe_image_reader.cc(302)] could not read dos header from C:\Windows\SYSTEM32\WINMMBASE.dll
[0624/132724.511:ERROR:process_reader_win.cc(242)] ReadMemory at 0x7ffecc3c0000 of 64 bytes failed: Only part of a ReadProcessMemory or WriteProcessMemory request was completed. (0x12B)
[0624/132724.511:WARNING:pe_image_reader.cc(302)] could not read dos header from C:\Windows\SYSTEM32\profapi.dll
[0624/132724.511:ERROR:process_reader_win.cc(242)] ReadMemory at 0x7ffecc770000 of 64 bytes failed: Only part of a ReadProcessMemory or WriteProcessMemory request was completed. (0x12B)
[0624/132724.511:WARNING:pe_image_reader.cc(302)] could not read dos header from C:\Windows\system32\SspiCli.dll
[0624/132724.512:ERROR:process_reader_win.cc(242)] ReadMemory at 0x7ffecc670000 of 64 bytes failed: Only part of a ReadProcessMemory or WriteProcessMemory request was completed. (0x12B)
[0624/132724.512:WARNING:pe_image_reader.cc(302)] could not read dos header from C:\Windows\SYSTEM32\cfgmgr32.dll
[0624/132724.512:ERROR:process_reader_win.cc(242)] ReadMemory at 0x7ffecb1d0000 of 64 bytes failed: Only part of a ReadProcessMemory or WriteProcessMemory request was completed. (0x12B)
[0624/132724.512:WARNING:pe_image_reader.cc(302)] could not read dos header from C:\Windows\SYSTEM32\DEVOBJ.dll
[0624/132724.512:ERROR:process_reader_win.cc(242)] ReadMemory at 0x7ffecc230000 of 64 bytes failed: Only part of a ReadProcessMemory or WriteProcessMemory request was completed. (0x12B)
[0624/132724.512:WARNING:pe_image_reader.cc(302)] could not read dos header from C:\Windows\SYSTEM32\CRYPTBASE.DLL
[0624/132724.512:ERROR:process_reader_win.cc(242)] ReadMemory at 0x7ffecc1c0000 of 64 bytes failed: Only part of a ReadProcessMemory or WriteProcessMemory request was completed. (0x12B)
[0624/132724.513:WARNING:pe_image_reader.cc(302)] could not read dos header from C:\Windows\SYSTEM32\bcryptPrimitives.dll
[0624/132724.513:ERROR:process_reader_win.cc(242)] ReadMemory at 0x7ffecdf20000 of 64 bytes failed: Only part of a ReadProcessMemory or WriteProcessMemory request was completed. (0x12B)
[0624/132724.513:WARNING:pe_image_reader.cc(302)] could not read dos header from C:\Windows\system32\IMM32.DLL
[0624/132724.513:ERROR:process_reader_win.cc(242)] ReadMemory at 0x7ffece5d0000 of 64 bytes failed: Only part of a ReadProcessMemory or WriteProcessMemory request was completed. (0x12B)
[0624/132724.513:WARNING:pe_image_reader.cc(302)] could not read dos header from C:\Windows\system32\MSCTF.dll
[0624/132724.514:ERROR:process_reader_win.cc(242)] ReadMemory at 0x7ffeca9b0000 of 64 bytes failed: Only part of a ReadProcessMemory or WriteProcessMemory request was completed. (0x12B)
[0624/132724.514:WARNING:pe_image_reader.cc(302)] could not read dos header from C:\Windows\SYSTEM32\shcore.dll
[0624/132724.514:ERROR:process_reader_win.cc(242)] ReadMemory at 0x7ffe9ee80000 of 64 bytes failed: Only part of a ReadProcessMemory or WriteProcessMemory request was completed. (0x12B)
[0624/132724.514:WARNING:pe_image_reader.cc(302)] could not read dos header from C:\Program Files (x86)\Google\Chrome\Application\67.0.3396.87\chrome_child.dll
[0624/132724.514:ERROR:process_reader_win.cc(242)] ReadMemory at 0x7ffecdf60000 of 64 bytes failed: Only part of a ReadProcessMemory or WriteProcessMemory request was completed. (0x12B)
[0624/132724.514:WARNING:pe_image_reader.cc(302)] could not read dos header from C:\Windows\system32\COMDLG32.dll
[0624/132724.514:ERROR:process_reader_win.cc(242)] ReadMemory at 0x7ffece230000 of 64 bytes failed: Only part of a ReadProcessMemory or WriteProcessMemory request was completed. (0x12B)
[0624/132724.515:WARNING:pe_image_reader.cc(302)] could not read dos header from C:\Windows\system32\OLEAUT32.dll
[0624/132724.515:ERROR:process_reader_win.cc(242)] ReadMemory at 0x7ffecea50000 of 64 bytes failed: Only part of a ReadProcessMemory or WriteProcessMemory request was completed. (0x12B)
[0624/132724.515:WARNING:pe_image_reader.cc(302)] could not read dos header from C:\Windows\system32\WS2_32.dll
[0624/132724.515:ERROR:process_reader_win.cc(242)] ReadMemory at 0x7ffece080000 of 64 bytes failed: Only part of a ReadProcessMemory or WriteProcessMemory request was completed. (0x12B)
[0624/132724.515:WARNING:pe_image_reader.cc(302)] could not read dos header from C:\Windows\system32\ole32.dll
[0624/132724.515:ERROR:process_reader_win.cc(242)] ReadMemory at 0x7ffec2f40000 of 64 bytes failed: Only part of a ReadProcessMemory or WriteProcessMemory request was completed. (0x12B)
[0624/132724.515:WARNING:pe_image_reader.cc(302)] could not read dos header from C:\Windows\SYSTEM32\Secur32.dll
[0624/132724.516:ERROR:process_reader_win.cc(242)] ReadMemory at 0x7ffecc7a0000 of 64 bytes failed: Only part of a ReadProcessMemory or WriteProcessMemory request was completed. (0x12B)
[0624/132724.516:WARNING:pe_image_reader.cc(302)] could not read dos header from C:\Windows\system32\WINTRUST.dll
[0624/132724.516:ERROR:process_reader_win.cc(242)] ReadMemory at 0x7ffeb0550000 of 64 bytes failed: Only part of a ReadProcessMemory or WriteProcessMemory request was completed. (0x12B)
[0624/132724.516:WARNING:pe_image_reader.cc(302)] could not read dos header from C:\Windows\SYSTEM32\dbghelp.dll
[0624/132724.516:ERROR:process_reader_win.cc(242)] ReadMemory at 0x7ffecab70000 of 64 bytes failed: Only part of a ReadProcessMemory or WriteProcessMemory request was completed. (0x12B)
[0624/132724.516:WARNING:pe_image_reader.cc(302)] could not read dos header from C:\Windows\SYSTEM32\USP10.dll
[0624/132724.516:ERROR:process_reader_win.cc(242)] ReadMemory at 0x7ffec2e30000 of 64 bytes failed: Only part of a ReadProcessMemory or WriteProcessMemory request was completed. (0x12B)
[0624/132724.517:WARNING:pe_image_reader.cc(302)] could not read dos header from C:\Windows\SYSTEM32\WINSPOOL.DRV
[0624/132724.517:ERROR:process_reader_win.cc(242)] ReadMemory at 0x7ffecc490000 of 64 bytes failed: Only part of a ReadProcessMemory or WriteProcessMemory request was completed. (0x12B)
[0624/132724.517:WARNING:pe_image_reader.cc(302)] could not read dos header from C:\Windows\system32\CRYPT32.dll
[0624/132724.517:ERROR:process_reader_win.cc(242)] ReadMemory at 0x7ffec70e0000 of 64 bytes failed: Only part of a ReadProcessMemory or WriteProcessMemory request was completed. (0x12B)
[0624/132724.517:WARNING:pe_image_reader.cc(302)] could not read dos header from C:\Windows\SYSTEM32\IPHLPAPI.DLL
[0624/132724.517:ERROR:process_reader_win.cc(242)] ReadMemory at 0x7ffec6580000 of 64 bytes failed: Only part of a ReadProcessMemory or WriteProcessMemory request was completed. (0x12B)
[0624/132724.517:WARNING:pe_image_reader.cc(302)] could not read dos header from C:\Windows\SYSTEM32\urlmon.dll
[0624/132724.518:ERROR:process_reader_win.cc(242)] ReadMemory at 0x7ffec80e0000 of 64 bytes failed: Only part of a ReadProcessMemory or WriteProcessMemory request was completed. (0x12B)
[0624/132724.518:WARNING:pe_image_reader.cc(302)] could not read dos header from C:\Windows\SYSTEM32\DWrite.dll
[0624/132724.518:ERROR:process_reader_win.cc(242)] ReadMemory at 0x7ffec9d40000 of 64 bytes failed: Only part of a ReadProcessMemory or WriteProcessMemory request was completed. (0x12B)
[0624/132724.518:WARNING:pe_image_reader.cc(302)] could not read dos header from C:\Windows\SYSTEM32\dxgi.dll
[0624/132724.518:ERROR:process_reader_win.cc(242)] ReadMemory at 0x7ffec6b50000 of 64 bytes failed: Only part of a ReadProcessMemory or WriteProcessMemory request was completed. (0x12B)
[0624/132724.518:WARNING:pe_image_reader.cc(302)] could not read dos header from C:\Windows\SYSTEM32\dhcpcsvc.DLL
[0624/132724.518:ERROR:process_reader_win.cc(242)] ReadMemory at 0x7ffec8f20000 of 64 bytes failed: Only part of a ReadProcessMemory or WriteProcessMemory request was completed. (0x12B)
[0624/132724.519:WARNING:pe_image_reader.cc(302)] could not read dos header from C:\Windows\WinSxS\amd64_microsoft.windows.common-controls_6595b64144ccf1df_6.0.9600.18006_none_623f33d3ecbe86e8\COMCTL32.dll
[0624/132724.519:ERROR:process_reader_win.cc(242)] ReadMemory at 0x7ffeceab0000 of 64 bytes failed: Only part of a ReadProcessMemory or WriteProcessMemory request was completed. (0x12B)
[0624/132724.519:WARNING:pe_image_reader.cc(302)] could not read dos header from C:\Windows\system32\NSI.dll
[0624/132724.519:ERROR:process_reader_win.cc(242)] ReadMemory at 0x7ffecc470000 of 64 bytes failed: Only part of a ReadProcessMemory or WriteProcessMemory request was completed. (0x12B)
[0624/132724.519:WARNING:pe_image_reader.cc(302)] could not read dos header from C:\Windows\system32\MSASN1.dll
[0624/132724.519:ERROR:process_reader_win.cc(242)] ReadMemory at 0x7ffec70c0000 of 64 bytes failed: Only part of a ReadProcessMemory or WriteProcessMemory request was completed. (0x12B)
[0624/132724.519:WARNING:pe_image_reader.cc(302)] could not read dos header from C:\Windows\SYSTEM32\WINNSI.DLL
[0624/132724.520:ERROR:process_reader_win.cc(242)] ReadMemory at 0x7ffec62b0000 of 64 bytes failed: Only part of a ReadProcessMemory or WriteProcessMemory request was completed. (0x12B)
[0624/132724.520:WARNING:pe_image_reader.cc(302)] could not read dos header from C:\Windows\SYSTEM32\iertutil.dll
[0624/132724.520:ERROR:process_reader_win.cc(242)] ReadMemory at 0x7ffec5f80000 of 64 bytes failed: Only part of a ReadProcessMemory or WriteProcessMemory request was completed. (0x12B)
[0624/132724.520:WARNING:pe_image_reader.cc(302)] could not read dos header from C:\Windows\SYSTEM32\WININET.dll
[0624/132724.520:ERROR:process_reader_win.cc(242)] ReadMemory at 0x61c90000 of 64 bytes failed: Only part of a ReadProcessMemory or WriteProcessMemory request was completed. (0x12B)
[0624/132724.520:WARNING:pe_image_reader.cc(302)] could not read dos header from C:\Program Files\AVAST Software\Avast\x64\aswJsFlt.dll
[0624/132724.612:ERROR:process_reader_win.cc(242)] ReadMemory at 0x7ff79dc90000 of 64 bytes failed: Only part of a ReadProcessMemory or WriteProcessMemory request was completed. (0x12B)
[0624/132724.613:WARNING:pe_image_reader.cc(302)] could not read dos header from C:\Program Files (x86)\Google\Chrome\Application\chrome.exe
[0624/132724.613:ERROR:process_reader_win.cc(242)] ReadMemory at 0x7ff79dc90000 of 64 bytes failed: Only part of a ReadProcessMemory or WriteProcessMemory request was completed. (0x12B)
[0624/132724.613:WARNING:pe_image_reader.cc(302)] could not read dos header from C:\Program Files (x86)\Google\Chrome\Application\chrome.exe
[0624/132724.613:ERROR:process_reader_win.cc(242)] ReadMemory at 0x7ffecf290000 of 64 bytes failed: Only part of a ReadProcessMemory or WriteProcessMemory request was completed. (0x12B)
[0624/132724.614:WARNING:pe_image_reader.cc(302)] could not read dos header from C:\Windows\SYSTEM32\ntdll.dll
[0624/132724.614:ERROR:process_reader_win.cc(242)] ReadMemory at 0x7ffecf290000 of 64 bytes failed: Only part of a ReadProcessMemory or WriteProcessMemory request was completed. (0x12B)
[0624/132724.615:WARNING:pe_image_reader.cc(302)] could not read dos header from C:\Windows\SYSTEM32\ntdll.dll
[0624/132724.615:ERROR:process_reader_win.cc(242)] ReadMemory at 0x7ffec8310000 of 64 bytes failed: Only part of a ReadProcessMemory or WriteProcessMemory request was completed. (0x12B)
[0624/132724.615:WARNING:pe_image_reader.cc(302)] could not read dos header from C:\Program Files\AVAST Software\Avast\snxhk64.dll
[0624/132724.615:ERROR:process_reader_win.cc(242)] ReadMemory at 0x7ffec8310000 of 64 bytes failed: Only part of a ReadProcessMemory or WriteProcessMemory request was completed. (0x12B)
[0624/132724.619:WARNING:pe_image_reader.cc(302)] could not read dos header from C:\Program Files\AVAST Software\Avast\snxhk64.dll
[0624/132724.620:ERROR:process_reader_win.cc(242)] ReadMemory at 0x7ffec8600000 of 64 bytes failed: Only part of a ReadProcessMemory or WriteProcessMemory request was completed. (0x12B)
[0624/132724.620:WARNING:pe_image_reader.cc(302)] could not read dos header from C:\Program Files\AVAST Software\Avast\x64\aswhooka.dll
[0624/132724.621:ERROR:process_reader_win.cc(242)] ReadMemory at 0x7ffec8600000 of 64 bytes failed: Only part of a ReadProcessMemory or WriteProcessMemory request was completed. (0x12B)
[0624/132724.621:WARNING:pe_image_reader.cc(302)] could not read dos header from C:\Program Files\AVAST Software\Avast\x64\aswhooka.dll
[0624/132724.621:ERROR:process_reader_win.cc(242)] ReadMemory at 0x7ffece300000 of 64 bytes failed: Only part of a ReadProcessMemory or WriteProcessMemory request was completed. (0x12B)
[0624/132724.622:WARNING:pe_image_reader.cc(302)] could not read dos header from C:\Windows\system32\KERNEL32.dll
[0624/132724.622:ERROR:process_reader_win.cc(242)] ReadMemory at 0x7ffece300000 of 64 bytes failed: Only part of a ReadProcessMemory or WriteProcessMemory request was completed. (0x12B)
[0624/132724.622:WARNING:pe_image_reader.cc(302)] could not read dos header from C:\Windows\system32\KERNEL32.dll
[0624/132724.622:ERROR:process_reader_win.cc(242)] ReadMemory at 0x7ffecc800000 of 64 bytes failed: Only part of a ReadProcessMemory or WriteProcessMemory request was completed. (0x12B)
[0624/132724.623:WARNING:pe_image_reader.cc(302)] could not read dos header from C:\Windows\system32\KERNELBASE.dll
[0624/132724.623:ERROR:process_reader_win.cc(242)] ReadMemory at 0x7ffecc800000 of 64 bytes failed: Only part of a ReadProcessMemory or WriteProcessMemory request was completed. (0x12B)
[0624/132724.623:WARNING:pe_image_reader.cc(302)] could not read dos header from C:\Windows\system32\KERNELBASE.dll
[0624/132724.623:ERROR:process_reader_win.cc(242)] ReadMemory at 0x7ffec1c60000 of 64 bytes failed: Only part of a ReadProcessMemory or WriteProcessMemory request was completed. (0x12B)
[0624/132724.624:WARNING:pe_image_reader.cc(302)] could not read dos header from C:\Program Files (x86)\Google\Chrome\Application\67.0.3396.87\chrome_elf.dll
[0624/132724.624:ERROR:process_reader_win.cc(242)] ReadMemory at 0x7ffec1c60000 of 64 bytes failed: Only part of a ReadProcessMemory or WriteProcessMemory request was completed. (0x12B)
[0624/132724.625:WARNING:pe_image_reader.cc(302)] could not read dos header from C:\Program Files (x86)\Google\Chrome\Application\67.0.3396.87\chrome_elf.dll
[0624/132724.625:ERROR:process_reader_win.cc(242)] ReadMemory at 0x7ffecf1e0000 of 64 bytes failed: Only part of a ReadProcessMemory or WriteProcessMemory request was completed. (0x12B)
[0624/132724.625:WARNING:pe_image_reader.cc(302)] could not read dos header from C:\Windows\system32\ADVAPI32.dll
[0624/132724.626:ERROR:process_reader_win.cc(242)] ReadMemory at 0x7ffecf1e0000 of 64 bytes failed: Only part of a ReadProcessMemory or WriteProcessMemory request was completed. (0x12B)
[0624/132724.626:WARNING:pe_image_reader.cc(302)] could not read dos header from C:\Windows\system32\ADVAPI32.dll
[0624/132724.626:ERROR:process_reader_win.cc(242)] ReadMemory at 0x7ffece220000 of 64 bytes failed: Only part of a ReadProcessMemory or WriteProcessMemory request was completed. (0x12B)
[0624/132724.627:WARNING:pe_image_reader.cc(302)] could not read dos header from C:\Windows\system32\PSAPI.DLL
[0624/132724.627:ERROR:process_reader_win.cc(242)] ReadMemory at 0x7ffece220000 of 64 bytes failed: Only part of a ReadProcessMemory or WriteProcessMemory request was completed. (0x12B)
[0624/132724.627:WARNING:pe_image_reader.cc(302)] could not read dos header from C:\Windows\system32\PSAPI.DLL
[0624/132724.627:ERROR:process_reader_win.cc(242)] ReadMemory at 0x7ffecc9f0000 of 64 bytes failed: Only part of a ReadProcessMemory or WriteProcessMemory request was completed. (0x12B)
[0624/132724.628:WARNING:pe_image_reader.cc(302)] could not read dos header from C:\Windows\system32\SHELL32.dll
[0624/132724.628:ERROR:process_reader_win.cc(242)] ReadMemory at 0x7ffecc9f0000 of 64 bytes failed: Only part of a ReadProcessMemory or WriteProcessMemory request was completed. (0x12B)
[0624/132724.628:WARNING:pe_image_reader.cc(302)] could not read dos header from C:\Windows\system32\SHELL32.dll
[0624/132724.629:ERROR:process_reader_win.cc(242)] ReadMemory at 0x7ffecf180000 of 64 bytes failed: Only part of a ReadProcessMemory or WriteProcessMemory request was completed. (0x12B)
[0624/132724.629:WARNING:pe_image_reader.cc(302)] could not read dos header from C:\Windows\system32\SHLWAPI.dll
[0624/132724.629:ERROR:process_reader_win.cc(242)] ReadMemory at 0x7ffecf180000 of 64 bytes failed: Only part of a ReadProcessMemory or WriteProcessMemory request was completed. (0x12B)
[0624/132724.630:WARNING:pe_image_reader.cc(302)] could not read dos header from C:\Windows\system32\SHLWAPI.dll
[0624/132724.630:ERROR:process_reader_win.cc(242)] ReadMemory at 0x24d4000000 of 64 bytes failed: Only part of a ReadProcessMemory or WriteProcessMemory request was completed. (0x12B)
[0624/132724.630:WARNING:pe_image_reader.cc(302)] could not read dos header from C:\Windows\system32\USER32.dll
[0624/132724.630:ERROR:process_reader_win.cc(242)] ReadMemory at 0x24d4000000 of 64 bytes failed: Only part of a ReadProcessMemory or WriteProcessMemory request was completed. (0x12B)
[0624/132724.631:WARNING:pe_image_reader.cc(302)] could not read dos header from C:\Windows\system32\USER32.dll
[0624/132724.631:ERROR:process_reader_win.cc(242)] ReadMemory at 0x7ffec5dc0000 of 64 bytes failed: Only part of a ReadProcessMemory or WriteProcessMemory request was completed. (0x12B)
[0624/132724.631:WARNING:pe_image_reader.cc(302)] could not read dos header from C:\Windows\SYSTEM32\VERSION.dll
[0624/132724.632:ERROR:process_reader_win.cc(242)] ReadMemory at 0x7ffec5dc0000 of 64 bytes failed: Only part of a ReadProcessMemory or WriteProcessMemory request was completed. (0x12B)
[0624/132724.632:WARNING:pe_image_reader.cc(302)] could not read dos header from C:\Windows\SYSTEM32\VERSION.dll
[0624/132724.632:ERROR:process_reader_win.cc(242)] ReadMemory at 0x7ffec5570000 of 64 bytes failed: Only part of a ReadProcessMemory or WriteProcessMemory request was completed. (0x12B)
[0624/132724.632:WARNING:pe_image_reader.cc(302)] could not read dos header from C:\Windows\SYSTEM32\WINMM.dll
[0624/132724.633:ERROR:process_reader_win.cc(242)] ReadMemory at 0x7ffec5570000 of 64 bytes failed: Only part of a ReadProcessMemory or WriteProcessMemory request was completed. (0x12B)
[0624/132724.633:WARNING:pe_image_reader.cc(302)] could not read dos header from C:\Windows\SYSTEM32\WINMM.dll
[0624/132724.633:ERROR:process_reader_win.cc(242)] ReadMemory at 0x7ffecb980000 of 64 bytes failed: Only part of a ReadProcessMemory or WriteProcessMemory request was completed. (0x12B)
[0624/132724.634:WARNING:pe_image_reader.cc(302)] could not read dos header from C:\Windows\SYSTEM32\USERENV.dll
[0624/132724.634:ERROR:process_reader_win.cc(242)] ReadMemory at 0x7ffecb980000 of 64 bytes failed: Only part of a ReadProcessMemory or WriteProcessMemory request was completed. (0x12B)
[0624/132724.634:WARNING:pe_image_reader.cc(302)] could not read dos header from C:\Windows\SYSTEM32\USERENV.dll
[0624/132724.634:ERROR:process_reader_win.cc(242)] ReadMemory at 0x7ffeb80c0000 of 64 bytes failed: Only part of a ReadProcessMemory or WriteProcessMemory request was completed. (0x12B)
[0624/132724.635:WARNING:pe_image_reader.cc(302)] could not read dos header from C:\Windows\SYSTEM32\WINHTTP.dll
[0624/132724.635:ERROR:process_reader_win.cc(242)] ReadMemory at 0x7ffeb80c0000 of 64 bytes failed: Only part of a ReadProcessMemory or WriteProcessMemory request was completed. (0x12B)
[0624/132724.635:WARNING:pe_image_reader.cc(302)] could not read dos header from C:\Windows\SYSTEM32\WINHTTP.dll
[0624/132724.635:ERROR:process_reader_win.cc(242)] ReadMemory at 0x7ffecec70000 of 64 bytes failed: Only part of a ReadProcessMemory or WriteProcessMemory request was completed. (0x12B)
[0624/132724.636:WARNING:pe_image_reader.cc(302)] could not read dos header from C:\Windows\system32\msvcrt.dll
[0624/132724.636:ERROR:process_reader_win.cc(242)] ReadMemory at 0x7ffecec70000 of 64 bytes failed: Only part of a ReadProcessMemory or WriteProcessMemory request was completed. (0x12B)
[0624/132724.636:WARNING:pe_image_reader.cc(302)] could not read dos header from C:\Windows\system32\msvcrt.dll
[0624/132724.637:ERROR:process_reader_win.cc(242)] ReadMemory at 0x7ffece020000 of 64 bytes failed: Only part of a ReadProcessMemory or WriteProcessMemory request was completed. (0x12B)
[0624/132724.637:WARNING:pe_image_reader.cc(302)] could not read dos header from C:\Windows\SYSTEM32\sechost.dll
[0624/132724.637:ERROR:process_reader_win.cc(242)] ReadMemory at 0x7ffece020000 of 64 bytes failed: Only part of a ReadProcessMemory or WriteProcessMemory request was completed. (0x12B)
[0624/132724.637:WARNING:pe_image_reader.cc(302)] could not read dos header from C:\Windows\SYSTEM32\sechost.dll
[0624/132724.638:ERROR:process_reader_win.cc(242)] ReadMemory at 0x7ffece910000 of 64 bytes failed: Only part of a ReadProcessMemory or WriteProcessMemory request was completed. (0x12B)
[0624/132724.638:WARNING:pe_image_reader.cc(302)] could not read dos header from C:\Windows\system32\RPCRT4.dll
[0624/132724.638:ERROR:process_reader_win.cc(242)] ReadMemory at 0x7ffece910000 of 64 bytes failed: Only part of a ReadProcessMemory or WriteProcessMemory request was completed. (0x12B)
[0624/132724.638:WARNING:pe_image_reader.cc(302)] could not read dos header from C:\Windows\system32\RPCRT4.dll
[0624/132724.639:ERROR:process_reader_win.cc(242)] ReadMemory at 0x7ffecee80000 of 64 bytes failed: Only part of a ReadProcessMemory or WriteProcessMemory request was completed. (0x12B)
[0624/132724.639:WARNING:pe_image_reader.cc(302)] could not read dos header from C:\Windows\SYSTEM32\combase.dll
[0624/132724.639:ERROR:process_reader_win.cc(242)] ReadMemory at 0x7ffecee80000 of 64 bytes failed: Only part of a ReadProcessMemory or WriteProcessMemory request was completed. (0x12B)
[0624/132724.640:WARNING:pe_image_reader.cc(302)] could not read dos header from C:\Windows\SYSTEM32\combase.dll
[0624/132724.640:ERROR:process_reader_win.cc(242)] ReadMemory at 0x7ffeced30000 of 64 bytes failed: Only part of a ReadProcessMemory or WriteProcessMemory request was completed. (0x12B)
[0624/132724.641:WARNING:pe_image_reader.cc(302)] could not read dos header from C:\Windows\system32\GDI32.dll
[0624/132724.641:ERROR:process_reader_win.cc(242)] ReadMemory at 0x7ffeced30000 of 64 bytes failed: Only part of a ReadProcessMemory or WriteProcessMemory request was completed. (0x12B)
[0624/132724.641:WARNING:pe_image_reader.cc(302)] could not read dos header from C:\Windows\system32\GDI32.dll
[0624/132724.641:ERROR:process_reader_win.cc(242)] ReadMemory at 0x7ffec5540000 of 64 bytes failed: Only part of a ReadProcessMemory or WriteProcessMemory request was completed. (0x12B)
[0624/132724.641:WARNING:pe_image_reader.cc(302)] could not read dos header from C:\Windows\SYSTEM32\WINMMBASE.dll
[0624/132724.641:ERROR:process_reader_win.cc(242)] ReadMemory at 0x7ffec5540000 of 64 bytes failed: Only part of a ReadProcessMemory or WriteProcessMemory request was completed. (0x12B)
[0624/132724.642:WARNING:pe_image_reader.cc(302)] could not read dos header from C:\Windows\SYSTEM32\WINMMBASE.dll
[0624/132724.642:ERROR:process_reader_win.cc(242)] ReadMemory at 0x7ffecc3c0000 of 64 bytes failed: Only part of a ReadProcessMemory or WriteProcessMemory request was completed. (0x12B)
[0624/132724.642:WARNING:pe_image_reader.cc(302)] could not read dos header from C:\Windows\SYSTEM32\profapi.dll
[0624/132724.642:ERROR:process_reader_win.cc(242)] ReadMemory at 0x7ffecc3c0000 of 64 bytes failed: Only part of a ReadProcessMemory or WriteProcessMemory request was completed. (0x12B)
[0624/132724.642:WARNING:pe_image_reader.cc(302)] could not read dos header from C:\Windows\SYSTEM32\profapi.dll
[0624/132724.642:ERROR:process_reader_win.cc(242)] ReadMemory at 0x7ffecc770000 of 64 bytes failed: Only part of a ReadProcessMemory or WriteProcessMemory request was completed. (0x12B)
[0624/132724.642:WARNING:pe_image_reader.cc(302)] could not read dos header from C:\Windows\system32\SspiCli.dll
[0624/132724.643:ERROR:process_reader_win.cc(242)] ReadMemory at 0x7ffecc770000 of 64 bytes failed: Only part of a ReadProcessMemory or WriteProcessMemory request was completed. (0x12B)
[0624/132724.643:WARNING:pe_image_reader.cc(302)] could not read dos header from C:\Windows\system32\SspiCli.dll
[0624/132724.643:ERROR:process_reader_win.cc(242)] ReadMemory at 0x7ffecc670000 of 64 bytes failed: Only part of a ReadProcessMemory or WriteProcessMemory request was completed. (0x12B)
[0624/132724.643:WARNING:pe_image_reader.cc(302)] could not read dos header from C:\Windows\SYSTEM32\cfgmgr32.dll
[0624/132724.643:ERROR:process_reader_win.cc(242)] ReadMemory at 0x7ffecc670000 of 64 bytes failed: Only part of a ReadProcessMemory or WriteProcessMemory request was completed. (0x12B)
[0624/132724.643:WARNING:pe_image_reader.cc(302)] could not read dos header from C:\Windows\SYSTEM32\cfgmgr32.dll
[0624/132724.643:ERROR:process_reader_win.cc(242)] ReadMemory at 0x7ffecb1d0000 of 64 bytes failed: Only part of a ReadProcessMemory or WriteProcessMemory request was completed. (0x12B)
[0624/132724.644:WARNING:pe_image_reader.cc(302)] could not read dos header from C:\Windows\SYSTEM32\DEVOBJ.dll
[0624/132724.644:ERROR:process_reader_win.cc(242)] ReadMemory at 0x7ffecb1d0000 of 64 bytes failed: Only part of a ReadProcessMemory or WriteProcessMemory request was completed. (0x12B)
[0624/132724.644:WARNING:pe_image_reader.cc(302)] could not read dos header from C:\Windows\SYSTEM32\DEVOBJ.dll
[0624/132724.644:ERROR:process_reader_win.cc(242)] ReadMemory at 0x7ffecc230000 of 64 bytes failed: Only part of a ReadProcessMemory or WriteProcessMemory request was completed. (0x12B)
[0624/132724.644:WARNING:pe_image_reader.cc(302)] could not read dos header from C:\Windows\SYSTEM32\CRYPTBASE.DLL
[0624/132724.644:ERROR:process_reader_win.cc(242)] ReadMemory at 0x7ffecc230000 of 64 bytes failed: Only part of a ReadProcessMemory or WriteProcessMemory request was completed. (0x12B)
[0624/132724.644:WARNING:pe_image_reader.cc(302)] could not read dos header from C:\Windows\SYSTEM32\CRYPTBASE.DLL
[0624/132724.672:ERROR:process_reader_win.cc(242)] ReadMemory at 0x7ffecc1c0000 of 64 bytes failed: Only part of a ReadProcessMemory or WriteProcessMemory request was completed. (0x12B)
[0624/132724.673:WARNING:pe_image_reader.cc(302)] could not read dos header from C:\Windows\SYSTEM32\bcryptPrimitives.dll
[0624/132724.673:ERROR:process_reader_win.cc(242)] ReadMemory at 0x7ffecc1c0000 of 64 bytes failed: Only part of a ReadProcessMemory or WriteProcessMemory request was completed. (0x12B)
[0624/132724.673:WARNING:pe_image_reader.cc(302)] could not read dos header from C:\Windows\SYSTEM32\bcryptPrimitives.dll
[0624/132724.674:ERROR:process_reader_win.cc(242)] ReadMemory at 0x7ffecdf20000 of 64 bytes failed: Only part of a ReadProcessMemory or WriteProcessMemory request was completed. (0x12B)
[0624/132724.674:WARNING:pe_image_reader.cc(302)] could not read dos header from C:\Windows\system32\IMM32.DLL
[0624/132724.674:ERROR:process_reader_win.cc(242)] ReadMemory at 0x7ffecdf20000 of 64 bytes failed: Only part of a ReadProcessMemory or WriteProcessMemory request was completed. (0x12B)
[0624/132724.674:WARNING:pe_image_reader.cc(302)] could not read dos header from C:\Windows\system32\IMM32.DLL
[0624/132724.675:ERROR:process_reader_win.cc(242)] ReadMemory at 0x7ffece5d0000 of 64 bytes failed: Only part of a ReadProcessMemory or WriteProcessMemory request was completed. (0x12B)
[0624/132724.675:WARNING:pe_image_reader.cc(302)] could not read dos header from C:\Windows\system32\MSCTF.dll
[0624/132724.675:ERROR:process_reader_win.cc(242)] ReadMemory at 0x7ffece5d0000 of 64 bytes failed: Only part of a ReadProcessMemory or WriteProcessMemory request was completed. (0x12B)
[0624/132724.675:WARNING:pe_image_reader.cc(302)] could not read dos header from C:\Windows\system32\MSCTF.dll
[0624/132724.676:ERROR:process_reader_win.cc(242)] ReadMemory at 0x7ffeca9b0000 of 64 bytes failed: Only part of a ReadProcessMemory or WriteProcessMemory request was completed. (0x12B)
[0624/132724.676:WARNING:pe_image_reader.cc(302)] could not read dos header from C:\Windows\SYSTEM32\shcore.dll
[0624/132724.677:ERROR:process_reader_win.cc(242)] ReadMemory at 0x7ffeca9b0000 of 64 bytes failed: Only part of a ReadProcessMemory or WriteProcessMemory request was completed. (0x12B)
[0624/132724.677:WARNING:pe_image_reader.cc(302)] could not read dos header from C:\Windows\SYSTEM32\shcore.dll
[0624/132724.677:ERROR:process_reader_win.cc(242)] ReadMemory at 0x7ffe9ee80000 of 64 bytes failed: Only part of a ReadProcessMemory or WriteProcessMemory request was completed. (0x12B)
[0624/132724.677:WARNING:pe_image_reader.cc(302)] could not read dos header from C:\Program Files (x86)\Google\Chrome\Application\67.0.3396.87\chrome_child.dll
[0624/132724.678:ERROR:process_reader_win.cc(242)] ReadMemory at 0x7ffe9ee80000 of 64 bytes failed: Only part of a ReadProcessMemory or WriteProcessMemory request was completed. (0x12B)
[0624/132724.679:WARNING:pe_image_reader.cc(302)] could not read dos header from C:\Program Files (x86)\Google\Chrome\Application\67.0.3396.87\chrome_child.dll
[0624/132724.679:ERROR:process_reader_win.cc(242)] ReadMemory at 0x7ffecdf60000 of 64 bytes failed: Only part of a ReadProcessMemory or WriteProcessMemory request was completed. (0x12B)
[0624/132724.679:WARNING:pe_image_reader.cc(302)] could not read dos header from C:\Windows\system32\COMDLG32.dll
[0624/132724.679:ERROR:process_reader_win.cc(242)] ReadMemory at 0x7ffecdf60000 of 64 bytes failed: Only part of a ReadProcessMemory or WriteProcessMemory request was completed. (0x12B)
[0624/132724.679:WARNING:pe_image_reader.cc(302)] could not read dos header from C:\Windows\system32\COMDLG32.dll
[0624/132724.680:ERROR:process_reader_win.cc(242)] ReadMemory at 0x7ffece230000 of 64 bytes failed: Only part of a ReadProcessMemory or WriteProcessMemory request was completed. (0x12B)
[0624/132724.680:WARNING:pe_image_reader.cc(302)] could not read dos header from C:\Windows\system32\OLEAUT32.dll
[0624/132724.680:ERROR:process_reader_win.cc(242)] ReadMemory at 0x7ffece230000 of 64 bytes failed: Only part of a ReadProcessMemory or WriteProcessMemory request was completed. (0x12B)
[0624/132724.680:WARNING:pe_image_reader.cc(302)] could not read dos header from C:\Windows\system32\OLEAUT32.dll
[0624/132724.681:ERROR:process_reader_win.cc(242)] ReadMemory at 0x7ffecea50000 of 64 bytes failed: Only part of a ReadProcessMemory or WriteProcessMemory request was completed. (0x12B)
[0624/132724.681:WARNING:pe_image_reader.cc(302)] could not read dos header from C:\Windows\system32\WS2_32.dll
[0624/132724.681:ERROR:process_reader_win.cc(242)] ReadMemory at 0x7ffecea50000 of 64 bytes failed: Only part of a ReadProcessMemory or WriteProcessMemory request was completed. (0x12B)
[0624/132724.681:WARNING:pe_image_reader.cc(302)] could not read dos header from C:\Windows\system32\WS2_32.dll
[0624/132724.681:ERROR:process_reader_win.cc(242)] ReadMemory at 0x7ffece080000 of 64 bytes failed: Only part of a ReadProcessMemory or WriteProcessMemory request was completed. (0x12B)
[0624/132724.682:WARNING:pe_image_reader.cc(302)] could not read dos header from C:\Windows\system32\ole32.dll
[0624/132724.682:ERROR:process_reader_win.cc(242)] ReadMemory at 0x7ffece080000 of 64 bytes failed: Only part of a ReadProcessMemory or WriteProcessMemory request was completed. (0x12B)
[0624/132724.682:WARNING:pe_image_reader.cc(302)] could not read dos header from C:\Windows\system32\ole32.dll
[0624/132724.682:ERROR:process_reader_win.cc(242)] ReadMemory at 0x7ffec2f40000 of 64 bytes failed: Only part of a ReadProcessMemory or WriteProcessMemory request was completed. (0x12B)
[0624/132724.682:WARNING:pe_image_reader.cc(302)] could not read dos header from C:\Windows\SYSTEM32\Secur32.dll
[0624/132724.683:ERROR:process_reader_win.cc(242)] ReadMemory at 0x7ffec2f40000 of 64 bytes failed: Only part of a ReadProcessMemory or WriteProcessMemory request was completed. (0x12B)
[0624/132724.683:WARNING:pe_image_reader.cc(302)] could not read dos header from C:\Windows\SYSTEM32\Secur32.dll
[0624/132724.683:ERROR:process_reader_win.cc(242)] ReadMemory at 0x7ffecc7a0000 of 64 bytes failed: Only part of a ReadProcessMemory or WriteProcessMemory request was completed. (0x12B)
[0624/132724.683:WARNING:pe_image_reader.cc(302)] could not read dos header from C:\Windows\system32\WINTRUST.dll
[0624/132724.683:ERROR:process_reader_win.cc(242)] ReadMemory at 0x7ffecc7a0000 of 64 bytes failed: Only part of a ReadProcessMemory or WriteProcessMemory request was completed. (0x12B)
[0624/132724.684:WARNING:pe_image_reader.cc(302)] could not read dos header from C:\Windows\system32\WINTRUST.dll
[0624/132724.684:ERROR:process_reader_win.cc(242)] ReadMemory at 0x7ffeb0550000 of 64 bytes failed: Only part of a ReadProcessMemory or WriteProcessMemory request was completed. (0x12B)
[0624/132724.684:WARNING:pe_image_reader.cc(302)] could not read dos header from C:\Windows\SYSTEM32\dbghelp.dll
[0624/132724.684:ERROR:process_reader_win.cc(242)] ReadMemory at 0x7ffeb0550000 of 64 bytes failed: Only part of a ReadProcessMemory or WriteProcessMemory request was completed. (0x12B)
[0624/132724.684:WARNING:pe_image_reader.cc(302)] could not read dos header from C:\Windows\SYSTEM32\dbghelp.dll
[0624/132724.685:ERROR:process_reader_win.cc(242)] ReadMemory at 0x7ffecab70000 of 64 bytes failed: Only part of a ReadProcessMemory or WriteProcessMemory request was completed. (0x12B)
[0624/132724.685:WARNING:pe_image_reader.cc(302)] could not read dos header from C:\Windows\SYSTEM32\USP10.dll
[0624/132724.685:ERROR:process_reader_win.cc(242)] ReadMemory at 0x7ffecab70000 of 64 bytes failed: Only part of a ReadProcessMemory or WriteProcessMemory request was completed. (0x12B)
[0624/132724.685:WARNING:pe_image_reader.cc(302)] could not read dos header from C:\Windows\SYSTEM32\USP10.dll
[0624/132724.685:ERROR:process_reader_win.cc(242)] ReadMemory at 0x7ffec2e30000 of 64 bytes failed: Only part of a ReadProcessMemory or WriteProcessMemory request was completed. (0x12B)
[0624/132724.686:WARNING:pe_image_reader.cc(302)] could not read dos header from C:\Windows\SYSTEM32\WINSPOOL.DRV
[0624/132724.686:ERROR:process_reader_win.cc(242)] ReadMemory at 0x7ffec2e30000 of 64 bytes failed: Only part of a ReadProcessMemory or WriteProcessMemory request was completed. (0x12B)
[0624/132724.686:WARNING:pe_image_reader.cc(302)] could not read dos header from C:\Windows\SYSTEM32\WINSPOOL.DRV
[0624/132724.686:ERROR:process_reader_win.cc(242)] ReadMemory at 0x7ffecc490000 of 64 bytes failed: Only part of a ReadProcessMemory or WriteProcessMemory request was completed. (0x12B)
[0624/132724.687:WARNING:pe_image_reader.cc(302)] could not read dos header from C:\Windows\system32\CRYPT32.dll
[0624/132724.687:ERROR:process_reader_win.cc(242)] ReadMemory at 0x7ffecc490000 of 64 bytes failed: Only part of a ReadProcessMemory or WriteProcessMemory request was completed. (0x12B)
[0624/132724.687:WARNING:pe_image_reader.cc(302)] could not read dos header from C:\Windows\system32\CRYPT32.dll
[0624/132724.687:ERROR:process_reader_win.cc(242)] ReadMemory at 0x7ffec70e0000 of 64 bytes failed: Only part of a ReadProcessMemory or WriteProcessMemory request was completed. (0x12B)
[0624/132724.687:WARNING:pe_image_reader.cc(302)] could not read dos header from C:\Windows\SYSTEM32\IPHLPAPI.DLL
[0624/132724.688:ERROR:process_reader_win.cc(242)] ReadMemory at 0x7ffec70e0000 of 64 bytes failed: Only part of a ReadProcessMemory or WriteProcessMemory request was completed. (0x12B)
[0624/132724.688:WARNING:pe_image_reader.cc(302)] could not read dos header from C:\Windows\SYSTEM32\IPHLPAPI.DLL
[0624/132724.688:ERROR:process_reader_win.cc(242)] ReadMemory at 0x7ffec6580000 of 64 bytes failed: Only part of a ReadProcessMemory or WriteProcessMemory request was completed. (0x12B)
[0624/132724.688:WARNING:pe_image_reader.cc(302)] could not read dos header from C:\Windows\SYSTEM32\urlmon.dll
[0624/132724.688:ERROR:process_reader_win.cc(242)] ReadMemory at 0x7ffec6580000 of 64 bytes failed: Only part of a ReadProcessMemory or WriteProcessMemory request was completed. (0x12B)
[0624/132724.689:WARNING:pe_image_reader.cc(302)] could not read dos header from C:\Windows\SYSTEM32\urlmon.dll
[0624/132724.689:ERROR:process_reader_win.cc(242)] ReadMemory at 0x7ffec80e0000 of 64 bytes failed: Only part of a ReadProcessMemory or WriteProcessMemory request was completed. (0x12B)
[0624/132724.689:WARNING:pe_image_reader.cc(302)] could not read dos header from C:\Windows\SYSTEM32\DWrite.dll
[0624/132724.689:ERROR:process_reader_win.cc(242)] ReadMemory at 0x7ffec80e0000 of 64 bytes failed: Only part of a ReadProcessMemory or WriteProcessMemory request was completed. (0x12B)
[0624/132724.689:WARNING:pe_image_reader.cc(302)] could not read dos header from C:\Windows\SYSTEM32\DWrite.dll
[0624/132724.690:ERROR:process_reader_win.cc(242)] ReadMemory at 0x7ffec9d40000 of 64 bytes failed: Only part of a ReadProcessMemory or WriteProcessMemory request was completed. (0x12B)
[0624/132724.690:WARNING:pe_image_reader.cc(302)] could not read dos header from C:\Windows\SYSTEM32\dxgi.dll
[0624/132724.690:ERROR:process_reader_win.cc(242)] ReadMemory at 0x7ffec9d40000 of 64 bytes failed: Only part of a ReadProcessMemory or WriteProcessMemory request was completed. (0x12B)
[0624/132724.690:WARNING:pe_image_reader.cc(302)] could not read dos header from C:\Windows\SYSTEM32\dxgi.dll
[0624/132724.690:ERROR:process_reader_win.cc(242)] ReadMemory at 0x7ffec6b50000 of 64 bytes failed: Only part of a ReadProcessMemory or WriteProcessMemory request was completed. (0x12B)
[0624/132724.691:WARNING:pe_image_reader.cc(302)] could not read dos header from C:\Windows\SYSTEM32\dhcpcsvc.DLL
[0624/132724.691:ERROR:process_reader_win.cc(242)] ReadMemory at 0x7ffec6b50000 of 64 bytes failed: Only part of a ReadProcessMemory or WriteProcessMemory request was completed. (0x12B)
[0624/132724.691:WARNING:pe_image_reader.cc(302)] could not read dos header from C:\Windows\SYSTEM32\dhcpcsvc.DLL
[0624/132724.691:ERROR:process_reader_win.cc(242)] ReadMemory at 0x7ffec8f20000 of 64 bytes failed: Only part of a ReadProcessMemory or WriteProcessMemory request was completed. (0x12B)
[0624/132724.692:WARNING:pe_image_reader.cc(302)] could not read dos header from C:\Windows\WinSxS\amd64_microsoft.windows.common-controls_6595b64144ccf1df_6.0.9600.18006_none_623f33d3ecbe86e8\COMCTL32.dll
[0624/132724.692:ERROR:process_reader_win.cc(242)] ReadMemory at 0x7ffec8f20000 of 64 bytes failed: Only part of a ReadProcessMemory or WriteProcessMemory request was completed. (0x12B)
[0624/132724.692:WARNING:pe_image_reader.cc(302)] could not read dos header from C:\Windows\WinSxS\amd64_microsoft.windows.common-controls_6595b64144ccf1df_6.0.9600.18006_none_623f33d3ecbe86e8\COMCTL32.dll
[0624/132724.692:ERROR:process_reader_win.cc(242)] ReadMemory at 0x7ffeceab0000 of 64 bytes failed: Only part of a ReadProcessMemory or WriteProcessMemory request was completed. (0x12B)
[0624/132724.692:WARNING:pe_image_reader.cc(302)] could not read dos header from C:\Windows\system32\NSI.dll
[0624/132724.693:ERROR:process_reader_win.cc(242)] ReadMemory at 0x7ffeceab0000 of 64 bytes failed: Only part of a ReadProcessMemory or WriteProcessMemory request was completed. (0x12B)
[0624/132724.693:WARNING:pe_image_reader.cc(302)] could not read dos header from C:\Windows\system32\NSI.dll
[0624/132724.693:ERROR:process_reader_win.cc(242)] ReadMemory at 0x7ffecc470000 of 64 bytes failed: Only part of a ReadProcessMemory or WriteProcessMemory request was completed. (0x12B)
[0624/132724.693:WARNING:pe_image_reader.cc(302)] could not read dos header from C:\Windows\system32\MSASN1.dll
[0624/132724.693:ERROR:process_reader_win.cc(242)] ReadMemory at 0x7ffecc470000 of 64 bytes failed: Only part of a ReadProcessMemory or WriteProcessMemory request was completed. (0x12B)
[0624/132724.694:WARNING:pe_image_reader.cc(302)] could not read dos header from C:\Windows\system32\MSASN1.dll
[0624/132724.694:ERROR:process_reader_win.cc(242)] ReadMemory at 0x7ffec70c0000 of 64 bytes failed: Only part of a ReadProcessMemory or WriteProcessMemory request was completed. (0x12B)
[0624/132724.694:WARNING:pe_image_reader.cc(302)] could not read dos header from C:\Windows\SYSTEM32\WINNSI.DLL
[0624/132724.694:ERROR:process_reader_win.cc(242)] ReadMemory at 0x7ffec70c0000 of 64 bytes failed: Only part of a ReadProcessMemory or WriteProcessMemory request was completed. (0x12B)
[0624/132724.694:WARNING:pe_image_reader.cc(302)] could not read dos header from C:\Windows\SYSTEM32\WINNSI.DLL
[0624/132724.695:ERROR:process_reader_win.cc(242)] ReadMemory at 0x7ffec62b0000 of 64 bytes failed: Only part of a ReadProcessMemory or WriteProcessMemory request was completed. (0x12B)
[0624/132724.695:WARNING:pe_image_reader.cc(302)] could not read dos header from C:\Windows\SYSTEM32\iertutil.dll
[0624/132724.695:ERROR:process_reader_win.cc(242)] ReadMemory at 0x7ffec62b0000 of 64 bytes failed: Only part of a ReadProcessMemory or WriteProcessMemory request was completed. (0x12B)
[0624/132724.695:WARNING:pe_image_reader.cc(302)] could not read dos header from C:\Windows\SYSTEM32\iertutil.dll
[0624/132724.695:ERROR:process_reader_win.cc(242)] ReadMemory at 0x7ffec5f80000 of 64 bytes failed: Only part of a ReadProcessMemory or WriteProcessMemory request was completed. (0x12B)
[0624/132724.696:WARNING:pe_image_reader.cc(302)] could not read dos header from C:\Windows\SYSTEM32\WININET.dll
[0624/132724.696:ERROR:process_reader_win.cc(242)] ReadMemory at 0x7ffec5f80000 of 64 bytes failed: Only part of a ReadProcessMemory or WriteProcessMemory request was completed. (0x12B)
[0624/132724.696:WARNING:pe_image_reader.cc(302)] could not read dos header from C:\Windows\SYSTEM32\WININET.dll
[0624/132724.696:ERROR:process_reader_win.cc(242)] ReadMemory at 0x61c90000 of 64 bytes failed: Only part of a ReadProcessMemory or WriteProcessMemory request was completed. (0x12B)
[0624/132724.696:WARNING:pe_image_reader.cc(302)] could not read dos header from C:\Program Files\AVAST Software\Avast\x64\aswJsFlt.dll
[0624/132724.697:ERROR:process_reader_win.cc(242)] ReadMemory at 0x61c90000 of 64 bytes failed: Only part of a ReadProcessMemory or WriteProcessMemory request was completed. (0x12B)
[0624/132724.697:WARNING:pe_image_reader.cc(302)] could not read dos header from C:\Program Files\AVAST Software\Avast\x64\aswJsFlt.dll
[0624/132746.341:ERROR:process_reader_win.cc(242)] ReadMemory at 0x7ff79dc90000 of 64 bytes failed: Only part of a ReadProcessMemory or WriteProcessMemory request was completed. (0x12B)
[0624/132746.342:WARNING:pe_image_reader.cc(302)] could not read dos header from C:\Program Files (x86)\Google\Chrome\Application\chrome.exe
[0624/132746.342:ERROR:process_reader_win.cc(242)] ReadMemory at 0x7ffecf290000 of 64 bytes failed: Only part of a ReadProcessMemory or WriteProcessMemory request was completed. (0x12B)
[0624/132746.342:WARNING:pe_image_reader.cc(302)] could not read dos header from C:\Windows\SYSTEM32\ntdll.dll
[0624/132746.342:ERROR:process_reader_win.cc(242)] ReadMemory at 0x7ffec8310000 of 64 bytes failed: Only part of a ReadProcessMemory or WriteProcessMemory request was completed. (0x12B)
[0624/132746.343:WARNING:pe_image_reader.cc(302)] could not read dos header from C:\Program Files\AVAST Software\Avast\snxhk64.dll
[0624/132746.343:ERROR:process_reader_win.cc(242)] ReadMemory at 0x7ffec8600000 of 64 bytes failed: Only part of a ReadProcessMemory or WriteProcessMemory request was completed. (0x12B)
[0624/132746.343:WARNING:pe_image_reader.cc(302)] could not read dos header from C:\Program Files\AVAST Software\Avast\x64\aswhooka.dll
[0624/132746.343:ERROR:process_reader_win.cc(242)] ReadMemory at 0x7ffece300000 of 64 bytes failed: Only part of a ReadProcessMemory or WriteProcessMemory request was completed. (0x12B)
[0624/132746.344:WARNING:pe_image_reader.cc(302)] could not read dos header from C:\Windows\system32\KERNEL32.dll
[0624/132746.344:ERROR:process_reader_win.cc(242)] ReadMemory at 0x7ffecc800000 of 64 bytes failed: Only part of a ReadProcessMemory or WriteProcessMemory request was completed. (0x12B)
[0624/132746.345:WARNING:pe_image_reader.cc(302)] could not read dos header from C:\Windows\system32\KERNELBASE.dll
[0624/132746.345:ERROR:process_reader_win.cc(242)] ReadMemory at 0x7ffec1c60000 of 64 bytes failed: Only part of a ReadProcessMemory or WriteProcessMemory request was completed. (0x12B)
[0624/132746.345:WARNING:pe_image_reader.cc(302)] could not read dos header from C:\Program Files (x86)\Google\Chrome\Application\67.0.3396.87\chrome_elf.dll
[0624/132746.346:ERROR:process_reader_win.cc(242)] ReadMemory at 0x7ffecf1e0000 of 64 bytes failed: Only part of a ReadProcessMemory or WriteProcessMemory request was completed. (0x12B)
[0624/132746.346:WARNING:pe_image_reader.cc(302)] could not read dos header from C:\Windows\system32\ADVAPI32.dll
[0624/132746.347:ERROR:process_reader_win.cc(242)] ReadMemory at 0x7ffece220000 of 64 bytes failed: Only part of a ReadProcessMemory or WriteProcessMemory request was completed. (0x12B)
[0624/132746.347:WARNING:pe_image_reader.cc(302)] could not read dos header from C:\Windows\system32\PSAPI.DLL
[0624/132746.347:ERROR:process_reader_win.cc(242)] ReadMemory at 0x7ffecc9f0000 of 64 bytes failed: Only part of a ReadProcessMemory or WriteProcessMemory request was completed. (0x12B)
[0624/132746.347:WARNING:pe_image_reader.cc(302)] could not read dos header from C:\Windows\system32\SHELL32.dll
[0624/132746.348:ERROR:process_reader_win.cc(242)] ReadMemory at 0x7ffecf180000 of 64 bytes failed: Only part of a ReadProcessMemory or WriteProcessMemory request was completed. (0x12B)
[0624/132746.348:WARNING:pe_image_reader.cc(302)] could not read dos header from C:\Windows\system32\SHLWAPI.dll
[0624/132746.348:ERROR:process_reader_win.cc(242)] ReadMemory at 0x24d4000000 of 64 bytes failed: Only part of a ReadProcessMemory or WriteProcessMemory request was completed. (0x12B)
[0624/132746.348:WARNING:pe_image_reader.cc(302)] could not read dos header from C:\Windows\system32\USER32.dll
[0624/132746.349:ERROR:process_reader_win.cc(242)] ReadMemory at 0x7ffec5dc0000 of 64 bytes failed: Only part of a ReadProcessMemory or WriteProcessMemory request was completed. (0x12B)
[0624/132746.349:WARNING:pe_image_reader.cc(302)] could not read dos header from C:\Windows\SYSTEM32\VERSION.dll
[0624/132746.349:ERROR:process_reader_win.cc(242)] ReadMemory at 0x7ffec5570000 of 64 bytes failed: Only part of a ReadProcessMemory or WriteProcessMemory request was completed. (0x12B)
[0624/132746.350:WARNING:pe_image_reader.cc(302)] could not read dos header from C:\Windows\SYSTEM32\WINMM.dll
[0624/132746.350:ERROR:process_reader_win.cc(242)] ReadMemory at 0x7ffecb980000 of 64 bytes failed: Only part of a ReadProcessMemory or WriteProcessMemory request was completed. (0x12B)
[0624/132746.351:WARNING:pe_image_reader.cc(302)] could not read dos header from C:\Windows\SYSTEM32\USERENV.dll
[0624/132746.351:ERROR:process_reader_win.cc(242)] ReadMemory at 0x7ffeb80c0000 of 64 bytes failed: Only part of a ReadProcessMemory or WriteProcessMemory request was completed. (0x12B)
[0624/132746.351:WARNING:pe_image_reader.cc(302)] could not read dos header from C:\Windows\SYSTEM32\WINHTTP.dll
[0624/132746.351:ERROR:process_reader_win.cc(242)] ReadMemory at 0x7ffecec70000 of 64 bytes failed: Only part of a ReadProcessMemory or WriteProcessMemory request was completed. (0x12B)
[0624/132746.352:WARNING:pe_image_reader.cc(302)] could not read dos header from C:\Windows\system32\msvcrt.dll
[0624/132746.352:ERROR:process_reader_win.cc(242)] ReadMemory at 0x7ffece020000 of 64 bytes failed: Only part of a ReadProcessMemory or WriteProcessMemory request was completed. (0x12B)
[0624/132746.352:WARNING:pe_image_reader.cc(302)] could not read dos header from C:\Windows\SYSTEM32\sechost.dll
[0624/132746.353:ERROR:process_reader_win.cc(242)] ReadMemory at 0x7ffece910000 of 64 bytes failed: Only part of a ReadProcessMemory or WriteProcessMemory request was completed. (0x12B)
[0624/132746.353:WARNING:pe_image_reader.cc(302)] could not read dos header from C:\Windows\system32\RPCRT4.dll
[0624/132746.354:ERROR:process_reader_win.cc(242)] ReadMemory at 0x7ffecee80000 of 64 bytes failed: Only part of a ReadProcessMemory or WriteProcessMemory request was completed. (0x12B)
[0624/132746.354:WARNING:pe_image_reader.cc(302)] could not read dos header from C:\Windows\SYSTEM32\combase.dll
[0624/132746.354:ERROR:process_reader_win.cc(242)] ReadMemory at 0x7ffeced30000 of 64 bytes failed: Only part of a ReadProcessMemory or WriteProcessMemory request was completed. (0x12B)
[0624/132746.355:WARNING:pe_image_reader.cc(302)] could not read dos header from C:\Windows\system32\GDI32.dll
[0624/132746.355:ERROR:process_reader_win.cc(242)] ReadMemory at 0x7ffec5540000 of 64 bytes failed: Only part of a ReadProcessMemory or WriteProcessMemory request was completed. (0x12B)
[0624/132746.355:WARNING:pe_image_reader.cc(302)] could not read dos header from C:\Windows\SYSTEM32\WINMMBASE.dll
[0624/132746.355:ERROR:process_reader_win.cc(242)] ReadMemory at 0x7ffecc3c0000 of 64 bytes failed: Only part of a ReadProcessMemory or WriteProcessMemory request was completed. (0x12B)
[0624/132746.356:WARNING:pe_image_reader.cc(302)] could not read dos header from C:\Windows\SYSTEM32\profapi.dll
[0624/132746.356:ERROR:process_reader_win.cc(242)] ReadMemory at 0x7ffecc770000 of 64 bytes failed: Only part of a ReadProcessMemory or WriteProcessMemory request was completed. (0x12B)
[0624/132746.356:WARNING:pe_image_reader.cc(302)] could not read dos header from C:\Windows\system32\SspiCli.dll
[0624/132746.356:ERROR:process_reader_win.cc(242)] ReadMemory at 0x7ffecc670000 of 64 bytes failed: Only part of a ReadProcessMemory or WriteProcessMemory request was completed. (0x12B)
[0624/132746.357:WARNING:pe_image_reader.cc(302)] could not read dos header from C:\Windows\SYSTEM32\cfgmgr32.dll
[0624/132746.357:ERROR:process_reader_win.cc(242)] ReadMemory at 0x7ffecb1d0000 of 64 bytes failed: Only part of a ReadProcessMemory or WriteProcessMemory request was completed. (0x12B)
[0624/132746.357:WARNING:pe_image_reader.cc(302)] could not read dos header from C:\Windows\SYSTEM32\DEVOBJ.dll
[0624/132746.357:ERROR:process_reader_win.cc(242)] ReadMemory at 0x7ffecc230000 of 64 bytes failed: Only part of a ReadProcessMemory or WriteProcessMemory request was completed. (0x12B)
[0624/132746.358:WARNING:pe_image_reader.cc(302)] could not read dos header from C:\Windows\SYSTEM32\CRYPTBASE.DLL
[0624/132746.358:ERROR:process_reader_win.cc(242)] ReadMemory at 0x7ffecc1c0000 of 64 bytes failed: Only part of a ReadProcessMemory or WriteProcessMemory request was completed. (0x12B)
[0624/132746.359:WARNING:pe_image_reader.cc(302)] could not read dos header from C:\Windows\SYSTEM32\bcryptPrimitives.dll
[0624/132746.359:ERROR:process_reader_win.cc(242)] ReadMemory at 0x7ffecdf20000 of 64 bytes failed: Only part of a ReadProcessMemory or WriteProcessMemory request was completed. (0x12B)
[0624/132746.360:WARNING:pe_image_reader.cc(302)] could not read dos header from C:\Windows\system32\IMM32.DLL
[0624/132746.360:ERROR:process_reader_win.cc(242)] ReadMemory at 0x7ffece5d0000 of 64 bytes failed: Only part of a ReadProcessMemory or WriteProcessMemory request was completed. (0x12B)
[0624/132746.361:WARNING:pe_image_reader.cc(302)] could not read dos header from C:\Windows\system32\MSCTF.dll
[0624/132746.361:ERROR:process_reader_win.cc(242)] ReadMemory at 0x7ffeca9b0000 of 64 bytes failed: Only part of a ReadProcessMemory or WriteProcessMemory request was completed. (0x12B)
[0624/132746.361:WARNING:pe_image_reader.cc(302)] could not read dos header from C:\Windows\SYSTEM32\shcore.dll
[0624/132746.361:ERROR:process_reader_win.cc(242)] ReadMemory at 0x7ffe9ee80000 of 64 bytes failed: Only part of a ReadProcessMemory or WriteProcessMemory request was completed. (0x12B)
[0624/132746.362:WARNING:pe_image_reader.cc(302)] could not read dos header from C:\Program Files (x86)\Google\Chrome\Application\67.0.3396.87\chrome_child.dll
[0624/132746.362:ERROR:process_reader_win.cc(242)] ReadMemory at 0x7ffecdf60000 of 64 bytes failed: Only part of a ReadProcessMemory or WriteProcessMemory request was completed. (0x12B)
[0624/132746.362:WARNING:pe_image_reader.cc(302)] could not read dos header from C:\Windows\system32\COMDLG32.dll
[0624/132746.362:ERROR:process_reader_win.cc(242)] ReadMemory at 0x7ffece230000 of 64 bytes failed: Only part of a ReadProcessMemory or WriteProcessMemory request was completed. (0x12B)
[0624/132746.362:WARNING:pe_image_reader.cc(302)] could not read dos header from C:\Windows\system32\OLEAUT32.dll
[0624/132746.363:ERROR:process_reader_win.cc(242)] ReadMemory at 0x7ffecea50000 of 64 bytes failed: Only part of a ReadProcessMemory or WriteProcessMemory request was completed. (0x12B)
[0624/132746.363:WARNING:pe_image_reader.cc(302)] could not read dos header from C:\Windows\system32\WS2_32.dll
[0624/132746.363:ERROR:process_reader_win.cc(242)] ReadMemory at 0x7ffece080000 of 64 bytes failed: Only part of a ReadProcessMemory or WriteProcessMemory request was completed. (0x12B)
[0624/132746.363:WARNING:pe_image_reader.cc(302)] could not read dos header from C:\Windows\system32\ole32.dll
[0624/132746.363:ERROR:process_reader_win.cc(242)] ReadMemory at 0x7ffec2f40000 of 64 bytes failed: Only part of a ReadProcessMemory or WriteProcessMemory request was completed. (0x12B)
[0624/132746.364:WARNING:pe_image_reader.cc(302)] could not read dos header from C:\Windows\SYSTEM32\Secur32.dll
[0624/132746.364:ERROR:process_reader_win.cc(242)] ReadMemory at 0x7ffecc7a0000 of 64 bytes failed: Only part of a ReadProcessMemory or WriteProcessMemory request was completed. (0x12B)
[0624/132746.364:WARNING:pe_image_reader.cc(302)] could not read dos header from C:\Windows\system32\WINTRUST.dll
[0624/132746.364:ERROR:process_reader_win.cc(242)] ReadMemory at 0x7ffeb0550000 of 64 bytes failed: Only part of a ReadProcessMemory or WriteProcessMemory request was completed. (0x12B)
[0624/132746.364:WARNING:pe_image_reader.cc(302)] could not read dos header from C:\Windows\SYSTEM32\dbghelp.dll
[0624/132746.364:ERROR:process_reader_win.cc(242)] ReadMemory at 0x7ffecab70000 of 64 bytes failed: Only part of a ReadProcessMemory or WriteProcessMemory request was completed. (0x12B)
[0624/132746.365:WARNING:pe_image_reader.cc(302)] could not read dos header from C:\Windows\SYSTEM32\USP10.dll
[0624/132746.365:ERROR:process_reader_win.cc(242)] ReadMemory at 0x7ffec2e30000 of 64 bytes failed: Only part of a ReadProcessMemory or WriteProcessMemory request was completed. (0x12B)
[0624/132746.365:WARNING:pe_image_reader.cc(302)] could not read dos header from C:\Windows\SYSTEM32\WINSPOOL.DRV
[0624/132746.365:ERROR:process_reader_win.cc(242)] ReadMemory at 0x7ffecc490000 of 64 bytes failed: Only part of a ReadProcessMemory or WriteProcessMemory request was completed. (0x12B)
[0624/132746.366:WARNING:pe_image_reader.cc(302)] could not read dos header from C:\Windows\system32\CRYPT32.dll
[0624/132746.366:ERROR:process_reader_win.cc(242)] ReadMemory at 0x7ffec70e0000 of 64 bytes failed: Only part of a ReadProcessMemory or WriteProcessMemory request was completed. (0x12B)
[0624/132746.366:WARNING:pe_image_reader.cc(302)] could not read dos header from C:\Windows\SYSTEM32\IPHLPAPI.DLL
[0624/132746.366:ERROR:process_reader_win.cc(242)] ReadMemory at 0x7ffec6580000 of 64 bytes failed: Only part of a ReadProcessMemory or WriteProcessMemory request was completed. (0x12B)
[0624/132746.366:WARNING:pe_image_reader.cc(302)] could not read dos header from C:\Windows\SYSTEM32\urlmon.dll
[0624/132746.366:ERROR:process_reader_win.cc(242)] ReadMemory at 0x7ffec80e0000 of 64 bytes failed: Only part of a ReadProcessMemory or WriteProcessMemory request was completed. (0x12B)
[0624/132746.367:WARNING:pe_image_reader.cc(302)] could not read dos header from C:\Windows\SYSTEM32\DWrite.dll
[0624/132746.367:ERROR:process_reader_win.cc(242)] ReadMemory at 0x7ffec9d40000 of 64 bytes failed: Only part of a ReadProcessMemory or WriteProcessMemory request was completed. (0x12B)
[0624/132746.367:WARNING:pe_image_reader.cc(302)] could not read dos header from C:\Windows\SYSTEM32\dxgi.dll
[0624/132746.367:ERROR:process_reader_win.cc(242)] ReadMemory at 0x7ffec6b50000 of 64 bytes failed: Only part of a ReadProcessMemory or WriteProcessMemory request was completed. (0x12B)
[0624/132746.368:WARNING:pe_image_reader.cc(302)] could not read dos header from C:\Windows\SYSTEM32\dhcpcsvc.DLL
[0624/132746.368:ERROR:process_reader_win.cc(242)] ReadMemory at 0x7ffec8f20000 of 64 bytes failed: Only part of a ReadProcessMemory or WriteProcessMemory request was completed. (0x12B)
[0624/132746.368:WARNING:pe_image_reader.cc(302)] could not read dos header from C:\Windows\WinSxS\amd64_microsoft.windows.common-controls_6595b64144ccf1df_6.0.9600.18006_none_623f33d3ecbe86e8\COMCTL32.dll
[0624/132746.368:ERROR:process_reader_win.cc(242)] ReadMemory at 0x7ffeceab0000 of 64 bytes failed: Only part of a ReadProcessMemory or WriteProcessMemory request was completed. (0x12B)
[0624/132746.368:WARNING:pe_image_reader.cc(302)] could not read dos header from C:\Windows\system32\NSI.dll
[0624/132746.369:ERROR:process_reader_win.cc(242)] ReadMemory at 0x7ffecc470000 of 64 bytes failed: Only part of a ReadProcessMemory or WriteProcessMemory request was completed. (0x12B)
[0624/132746.369:WARNING:pe_image_reader.cc(302)] could not read dos header from C:\Windows\system32\MSASN1.dll
[0624/132746.369:ERROR:process_reader_win.cc(242)] ReadMemory at 0x7ffec70c0000 of 64 bytes failed: Only part of a ReadProcessMemory or WriteProcessMemory request was completed. (0x12B)
[0624/132746.369:WARNING:pe_image_reader.cc(302)] could not read dos header from C:\Windows\SYSTEM32\WINNSI.DLL
[0624/132746.369:ERROR:process_reader_win.cc(242)] ReadMemory at 0x7ffec62b0000 of 64 bytes failed: Only part of a ReadProcessMemory or WriteProcessMemory request was completed. (0x12B)
[0624/132746.370:WARNING:pe_image_reader.cc(302)] could not read dos header from C:\Windows\SYSTEM32\iertutil.dll
[0624/132746.370:ERROR:process_reader_win.cc(242)] ReadMemory at 0x7ffec5f80000 of 64 bytes failed: Only part of a ReadProcessMemory or WriteProcessMemory request was completed. (0x12B)
[0624/132746.371:WARNING:pe_image_reader.cc(302)] could not read dos header from C:\Windows\SYSTEM32\WININET.dll
[0624/132746.371:ERROR:process_reader_win.cc(242)] ReadMemory at 0x61c90000 of 64 bytes failed: Only part of a ReadProcessMemory or WriteProcessMemory request was completed. (0x12B)
[0624/132746.371:WARNING:pe_image_reader.cc(302)] could not read dos header from C:\Program Files\AVAST Software\Avast\x64\aswJsFlt.dll
[0624/132748.495:ERROR:process_reader_win.cc(242)] ReadMemory at 0x24d3d9e000 of 73728 bytes failed: Only part of a ReadProcessMemory or WriteProcessMemory request was completed. (0x12B)
[0624/132748.496:ERROR:crash_report_exception_handler.cc(111)] WriteEverything failed
[0624/132748.499:ERROR:filesystem_win.cc(148)] DeleteFile C:\Users\Landa\AppData\Local\Google\Chrome\User Data\Crashpad\reports\be33f4e2-94db-4bea-96a6-1ae989af409a.dmp: The process cannot access the file because it is being used by another process. (0x20)
[0624/132748.504:ERROR:scoped_process_suspend.cc(40)] NtResumeProcess: An attempt was made to access an exiting process. (0xc000010a)
